  enable.c
  fullscreen.c
  glext.c
  image.c
  init.c
  input.c
  joystick.c
  stream.c
  tga.c
  thread.c
  time.c
  win32_dllmain.c
  win32_enable.c
  win32_fullscreen.c
  win32_glext.c
  win32_init.c
F:\Github\acanalysis\glfw\win32\win32_init.c(237,5): warning C4996: 'GetVersionExA': was declared deprecated
  win32_joystick.c
  win32_thread.c
  win32_time.c
  win32_window.c
  Generating Code...
  Compiling...
  window.c
  Generating Code...
  GLFW.vcxproj -> F:\Github\acanalysis\lib\GLFWd.lib
