  AC4Map.cpp
  AC4_3DWIN2.cpp
F:\Github\acanalysis\AC4_3DWIN2\EasyQuat.h(262,12): warning C4244: '=': conversion from 'double' to 'float', possible loss of data
F:\Github\acanalysis\AC4_3DWIN2\EasyQuat.h(272,12): warning C4244: '=': conversion from 'double' to 'float', possible loss of data
F:\Github\acanalysis\AC4_3DWIN2\EasyQuat.h(282,12): warning C4244: '=': conversion from 'double' to 'float', possible loss of data
F:\Github\acanalysis\AC4_3DWIN2\EasyQuat.h(292,12): warning C4244: '=': conversion from 'double' to 'float', possible loss of data
F:\Github\acanalysis\AC4_3DWIN2\EasyMatrix.h(1759,18): warning C4244: '=': conversion from 'double' to 'float', possible loss of data
F:\Github\acanalysis\AC4_3DWIN2\EasyMatrix.h(1889,78): warning C4244: '=': conversion from 'double' to 'float', possible loss of data
F:\Github\acanalysis\AC4_3DWIN2\EasyMatrix.h(1891,84): warning C4244: '=': conversion from 'double' to 'float', possible loss of data
F:\Github\acanalysis\AC4_3DWIN2\EasyMatrix.h(1892,84): warning C4244: '=': conversion from 'double' to 'float', possible loss of data
F:\Github\acanalysis\AC4_3DWIN2\EasyMatrix.h(1893,84): warning C4244: '=': conversion from 'double' to 'float', possible loss of data
F:\Github\acanalysis\AC4_3DWIN2\AC4_3DWIN2.cpp(141,16): warning C4244: 'initializing': conversion from 'double' to 'float', possible loss of data
F:\Github\acanalysis\AC4_3DWIN2\AC4_3DWIN2.cpp(142,16): warning C4244: 'initializing': conversion from 'double' to 'float', possible loss of data
F:\Github\acanalysis\AC4_3DWIN2\AC4_3DWIN2.cpp(143,16): warning C4244: 'initializing': conversion from 'double' to 'float', possible loss of data
F:\Github\acanalysis\AC4_3DWIN2\AC4_3DWIN2.cpp(145,16): warning C4244: 'initializing': conversion from 'double' to 'float', possible loss of data
F:\Github\acanalysis\AC4_3DWIN2\AC4_3DWIN2.cpp(146,16): warning C4244: 'initializing': conversion from 'double' to 'float', possible loss of data
F:\Github\acanalysis\AC4_3DWIN2\AC4_3DWIN2.cpp(147,16): warning C4244: 'initializing': conversion from 'double' to 'float', possible loss of data
  NodeMath.cpp
F:\Github\acanalysis\AC4_3DWIN2\EasyQuat.h(262,12): warning C4244: '=': conversion from 'double' to 'float', possible loss of data
F:\Github\acanalysis\AC4_3DWIN2\EasyQuat.h(272,12): warning C4244: '=': conversion from 'double' to 'float', possible loss of data
F:\Github\acanalysis\AC4_3DWIN2\EasyQuat.h(282,12): warning C4244: '=': conversion from 'double' to 'float', possible loss of data
F:\Github\acanalysis\AC4_3DWIN2\EasyQuat.h(292,12): warning C4244: '=': conversion from 'double' to 'float', possible loss of data
F:\Github\acanalysis\AC4_3DWIN2\EasyMatrix.h(1759,18): warning C4244: '=': conversion from 'double' to 'float', possible loss of data
F:\Github\acanalysis\AC4_3DWIN2\EasyMatrix.h(1889,78): warning C4244: '=': conversion from 'double' to 'float', possible loss of data
F:\Github\acanalysis\AC4_3DWIN2\EasyMatrix.h(1891,84): warning C4244: '=': conversion from 'double' to 'float', possible loss of data
F:\Github\acanalysis\AC4_3DWIN2\EasyMatrix.h(1892,84): warning C4244: '=': conversion from 'double' to 'float', possible loss of data
F:\Github\acanalysis\AC4_3DWIN2\EasyMatrix.h(1893,84): warning C4244: '=': conversion from 'double' to 'float', possible loss of data
  Set.cpp
  TAList.cpp
  Generating Code...
     Creating library ..\bin\AC4_3DWIN.lib and object ..\bin\AC4_3DWIN.exp
  AC4_3DWIN2.vcxproj -> F:\Github\acanalysis\bin\AC4_3DWIN.dll
